Determining if the function sgemm_ exists failed with the following output:
Change Dir: /home/ahmed/zed-yolo/zed_cpp_sample/build/CMakeFiles/CMakeTmp

Run Build Command(s):/usr/bin/make cmTC_5c0ec/fast && /usr/bin/make -f CMakeFiles/cmTC_5c0ec.dir/build.make CMakeFiles/cmTC_5c0ec.dir/build
make[1]: Entering directory '/home/ahmed/zed-yolo/zed_cpp_sample/build/CMakeFiles/CMakeTmp'
Building C object CMakeFiles/cmTC_5c0ec.dir/CheckFunctionExists.c.o
/usr/bin/cc   -DCHECK_FUNCTION_EXISTS=sgemm_   -o CMakeFiles/cmTC_5c0ec.dir/CheckFunctionExists.c.o   -c /usr/share/cmake-3.16/Modules/CheckFunctionExists.c
Linking C executable cmTC_5c0ec
/usr/bin/cmake -E cmake_link_script CMakeFiles/cmTC_5c0ec.dir/link.txt --verbose=1
/usr/bin/cc  -DCHECK_FUNCTION_EXISTS=sgemm_    -rdynamic CMakeFiles/cmTC_5c0ec.dir/CheckFunctionExists.c.o  -o cmTC_5c0ec 
CMakeFiles/cmTC_5c0ec.dir/CheckFunctionExists.c.o: In function `main':
CheckFunctionExists.c:(.text+0x10): undefined reference to `sgemm_'
collect2: error: ld returned 1 exit status
CMakeFiles/cmTC_5c0ec.dir/build.make:86: recipe for target 'cmTC_5c0ec' failed
make[1]: *** [cmTC_5c0ec] Error 1
make[1]: Leaving directory '/home/ahmed/zed-yolo/zed_cpp_sample/build/CMakeFiles/CMakeTmp'
Makefile:121: recipe for target 'cmTC_5c0ec/fast' failed
make: *** [cmTC_5c0ec/fast] Error 2



Performing C SOURCE FILE Test CMAKE_HAVE_LIBC_PTHREAD failed with the following output:
Change Dir: /home/ahmed/zed-yolo/zed_cpp_sample/build/CMakeFiles/CMakeTmp

Run Build Command(s):/usr/bin/make cmTC_8298d/fast && /usr/bin/make -f CMakeFiles/cmTC_8298d.dir/build.make CMakeFiles/cmTC_8298d.dir/build
make[1]: Entering directory '/home/ahmed/zed-yolo/zed_cpp_sample/build/CMakeFiles/CMakeTmp'
Building C object CMakeFiles/cmTC_8298d.dir/src.c.o
/usr/bin/cc   -DCMAKE_HAVE_LIBC_PTHREAD   -o CMakeFiles/cmTC_8298d.dir/src.c.o   -c /home/ahmed/zed-yolo/zed_cpp_sample/build/CMakeFiles/CMakeTmp/src.c
Linking C executable cmTC_8298d
/usr/bin/cmake -E cmake_link_script CMakeFiles/cmTC_8298d.dir/link.txt --verbose=1
/usr/bin/cc  -DCMAKE_HAVE_LIBC_PTHREAD    -rdynamic CMakeFiles/cmTC_8298d.dir/src.c.o  -o cmTC_8298d 
CMakeFiles/cmTC_8298d.dir/src.c.o: In function `main':
src.c:(.text+0x3e): undefined reference to `pthread_create'
src.c:(.text+0x4a): undefined reference to `pthread_detach'
src.c:(.text+0x5b): undefined reference to `pthread_join'
src.c:(.text+0x6f): undefined reference to `pthread_atfork'
collect2: error: ld returned 1 exit status
CMakeFiles/cmTC_8298d.dir/build.make:86: recipe for target 'cmTC_8298d' failed
make[1]: *** [cmTC_8298d] Error 1
make[1]: Leaving directory '/home/ahmed/zed-yolo/zed_cpp_sample/build/CMakeFiles/CMakeTmp'
Makefile:121: recipe for target 'cmTC_8298d/fast' failed
make: *** [cmTC_8298d/fast] Error 2


Source file was:
#include <pthread.h>

void* test_func(void* data)
{
  return data;
}

int main(void)
{
  pthread_t thread;
  pthread_create(&thread, NULL, test_func, NULL);
  pthread_detach(thread);
  pthread_join(thread, NULL);
  pthread_atfork(NULL, NULL, NULL);
  pthread_exit(NULL);

  return 0;
}

Determining if the function pthread_create exists in the pthreads failed with the following output:
Change Dir: /home/ahmed/zed-yolo/zed_cpp_sample/build/CMakeFiles/CMakeTmp

Run Build Command(s):/usr/bin/make cmTC_14038/fast && /usr/bin/make -f CMakeFiles/cmTC_14038.dir/build.make CMakeFiles/cmTC_14038.dir/build
make[1]: Entering directory '/home/ahmed/zed-yolo/zed_cpp_sample/build/CMakeFiles/CMakeTmp'
Building C object CMakeFiles/cmTC_14038.dir/CheckFunctionExists.c.o
/usr/bin/cc   -DCHECK_FUNCTION_EXISTS=pthread_create   -o CMakeFiles/cmTC_14038.dir/CheckFunctionExists.c.o   -c /usr/share/cmake-3.16/Modules/CheckFunctionExists.c
Linking C executable cmTC_14038
/usr/bin/cmake -E cmake_link_script CMakeFiles/cmTC_14038.dir/link.txt --verbose=1
/usr/bin/cc  -DCHECK_FUNCTION_EXISTS=pthread_create    -rdynamic CMakeFiles/cmTC_14038.dir/CheckFunctionExists.c.o  -o cmTC_14038  -lpthreads 
/usr/bin/ld: cannot find -lpthreads
collect2: error: ld returned 1 exit status
CMakeFiles/cmTC_14038.dir/build.make:86: recipe for target 'cmTC_14038' failed
make[1]: *** [cmTC_14038] Error 1
make[1]: Leaving directory '/home/ahmed/zed-yolo/zed_cpp_sample/build/CMakeFiles/CMakeTmp'
Makefile:121: recipe for target 'cmTC_14038/fast' failed
make: *** [cmTC_14038/fast] Error 2



